2025-07-23 13:38:52,220 DEBUG    root            Loaded Command Group: ['gcloud', 'components']
2025-07-23 13:38:52,224 DEBUG    root            Loaded Command Group: ['gcloud', 'components', 'update']
2025-07-23 13:38:52,226 DEBUG    root            Running [gcloud.components.update] with arguments: [--compile-python: "True", --quiet: "True", COMPONENT-IDS:6: "['core', 'gcloud-deps', 'bq', 'gcloud', 'gcloud-crc32c', 'gsutil']"]
2025-07-23 13:38:52,227 INFO     ___FILE_ONLY___ Beginning update. This process may take several minutes.

2025-07-23 13:38:52,272 DEBUG    urllib3.connectionpool Starting new HTTPS connection (1): dl.google.com:443
2025-07-23 13:38:52,615 DEBUG    urllib3.connectionpool https://dl.google.com:443 "GET /dl/cloudsdk/channels/rapid/components-2.json HTTP/11" 200 239806
2025-07-23 13:38:52,627 INFO     ___FILE_ONLY___ 

2025-07-23 13:38:52,627 INFO     ___FILE_ONLY___ 
Your current Google Cloud CLI version is: 531.0.0

2025-07-23 13:38:52,627 INFO     ___FILE_ONLY___ Installing components from version: 531.0.0

2025-07-23 13:38:52,627 INFO     ___FILE_ONLY___ 

2025-07-23 13:38:52,628 DEBUG    root            Chosen display Format:table[box,title="These components will be removed."](details.display_name:label=Name:align=left,version.version_string:label=Version:align=right,data.size.size(zero="",min=1048576):label=Size:align=right)
2025-07-23 13:38:52,628 DEBUG    root            Chosen display Format:table[box,title="These components will be updated."](details.display_name:label=Name:align=left,version.version_string:label=Version:align=right,data.size.size(zero="",min=1048576):label=Size:align=right)
2025-07-23 13:38:52,629 DEBUG    root            Chosen display Format:table[box,title="These components will be installed."](details.display_name:label=Name:align=left,version.version_string:label=Version:align=right,data.size.size(zero="",min=1048576):label=Size:align=right)
2025-07-23 13:38:52,672 INFO     ___FILE_ONLY___ ┌─────────────────────────────────────────────────────────────────────────────┐
2025-07-23 13:38:52,672 INFO     ___FILE_ONLY___ 

2025-07-23 13:38:52,672 INFO     ___FILE_ONLY___ │                     These components will be installed.                     │
2025-07-23 13:38:52,673 INFO     ___FILE_ONLY___ 

2025-07-23 13:38:52,673 INFO     ___FILE_ONLY___ ├─────────────────────────────────────────────────────┬────────────┬──────────┤
2025-07-23 13:38:52,673 INFO     ___FILE_ONLY___ 

2025-07-23 13:38:52,673 INFO     ___FILE_ONLY___ │                         Name                        │  Version   │   Size   │
2025-07-23 13:38:52,673 INFO     ___FILE_ONLY___ 

2025-07-23 13:38:52,673 INFO     ___FILE_ONLY___ ├─────────────────────────────────────────────────────┼────────────┼──────────┤
2025-07-23 13:38:52,673 INFO     ___FILE_ONLY___ 

2025-07-23 13:38:52,673 INFO     ___FILE_ONLY___ │ 
2025-07-23 13:38:52,673 INFO     ___FILE_ONLY___ BigQuery Command Line Tool                         
2025-07-23 13:38:52,673 INFO     ___FILE_ONLY___  
2025-07-23 13:38:52,673 INFO     ___FILE_ONLY___ │ 
2025-07-23 13:38:52,673 INFO     ___FILE_ONLY___     2.1.20
2025-07-23 13:38:52,673 INFO     ___FILE_ONLY___  
2025-07-23 13:38:52,673 INFO     ___FILE_ONLY___ │ 
2025-07-23 13:38:52,674 INFO     ___FILE_ONLY___  1.8 MiB
2025-07-23 13:38:52,674 INFO     ___FILE_ONLY___  
2025-07-23 13:38:52,674 INFO     ___FILE_ONLY___ │
2025-07-23 13:38:52,674 INFO     ___FILE_ONLY___ 

2025-07-23 13:38:52,674 INFO     ___FILE_ONLY___ │ 
2025-07-23 13:38:52,674 INFO     ___FILE_ONLY___ BigQuery Command Line Tool (Platform Specific)     
2025-07-23 13:38:52,674 INFO     ___FILE_ONLY___  
2025-07-23 13:38:52,674 INFO     ___FILE_ONLY___ │ 
2025-07-23 13:38:52,674 INFO     ___FILE_ONLY___     2.1.17
2025-07-23 13:38:52,674 INFO     ___FILE_ONLY___  
2025-07-23 13:38:52,674 INFO     ___FILE_ONLY___ │ 
2025-07-23 13:38:52,675 INFO     ___FILE_ONLY___  < 1 MiB
2025-07-23 13:38:52,675 INFO     ___FILE_ONLY___  
2025-07-23 13:38:52,675 INFO     ___FILE_ONLY___ │
2025-07-23 13:38:52,675 INFO     ___FILE_ONLY___ 

2025-07-23 13:38:52,675 INFO     ___FILE_ONLY___ │ 
2025-07-23 13:38:52,675 INFO     ___FILE_ONLY___ Bundled Python 3.12 (Platform Specific)            
2025-07-23 13:38:52,675 INFO     ___FILE_ONLY___  
2025-07-23 13:38:52,675 INFO     ___FILE_ONLY___ │ 
2025-07-23 13:38:52,675 INFO     ___FILE_ONLY___     3.12.9
2025-07-23 13:38:52,676 INFO     ___FILE_ONLY___  
2025-07-23 13:38:52,676 INFO     ___FILE_ONLY___ │ 
2025-07-23 13:38:52,676 INFO     ___FILE_ONLY___ 89.3 MiB
2025-07-23 13:38:52,676 INFO     ___FILE_ONLY___  
2025-07-23 13:38:52,676 INFO     ___FILE_ONLY___ │
2025-07-23 13:38:52,676 INFO     ___FILE_ONLY___ 

2025-07-23 13:38:52,676 INFO     ___FILE_ONLY___ │ 
2025-07-23 13:38:52,676 INFO     ___FILE_ONLY___ Cloud Storage Command Line Tool                    
2025-07-23 13:38:52,676 INFO     ___FILE_ONLY___  
2025-07-23 13:38:52,676 INFO     ___FILE_ONLY___ │ 
2025-07-23 13:38:52,676 INFO     ___FILE_ONLY___       5.35
2025-07-23 13:38:52,676 INFO     ___FILE_ONLY___  
2025-07-23 13:38:52,676 INFO     ___FILE_ONLY___ │ 
2025-07-23 13:38:52,677 INFO     ___FILE_ONLY___ 12.4 MiB
2025-07-23 13:38:52,677 INFO     ___FILE_ONLY___  
2025-07-23 13:38:52,677 INFO     ___FILE_ONLY___ │
2025-07-23 13:38:52,677 INFO     ___FILE_ONLY___ 

2025-07-23 13:38:52,677 INFO     ___FILE_ONLY___ │ 
2025-07-23 13:38:52,677 INFO     ___FILE_ONLY___ Cloud Storage Command Line Tool (Platform Specific)
2025-07-23 13:38:52,677 INFO     ___FILE_ONLY___  
2025-07-23 13:38:52,677 INFO     ___FILE_ONLY___ │ 
2025-07-23 13:38:52,677 INFO     ___FILE_ONLY___       5.34
2025-07-23 13:38:52,677 INFO     ___FILE_ONLY___  
2025-07-23 13:38:52,677 INFO     ___FILE_ONLY___ │ 
2025-07-23 13:38:52,677 INFO     ___FILE_ONLY___  < 1 MiB
2025-07-23 13:38:52,678 INFO     ___FILE_ONLY___  
2025-07-23 13:38:52,678 INFO     ___FILE_ONLY___ │
2025-07-23 13:38:52,678 INFO     ___FILE_ONLY___ 

2025-07-23 13:38:52,678 INFO     ___FILE_ONLY___ │ 
2025-07-23 13:38:52,678 INFO     ___FILE_ONLY___ Google Cloud CLI Core Libraries (Platform Specific)
2025-07-23 13:38:52,678 INFO     ___FILE_ONLY___  
2025-07-23 13:38:52,678 INFO     ___FILE_ONLY___ │ 
2025-07-23 13:38:52,678 INFO     ___FILE_ONLY___ 2025.05.23
2025-07-23 13:38:52,678 INFO     ___FILE_ONLY___  
2025-07-23 13:38:52,678 INFO     ___FILE_ONLY___ │ 
2025-07-23 13:38:52,678 INFO     ___FILE_ONLY___  < 1 MiB
2025-07-23 13:38:52,678 INFO     ___FILE_ONLY___  
2025-07-23 13:38:52,678 INFO     ___FILE_ONLY___ │
2025-07-23 13:38:52,679 INFO     ___FILE_ONLY___ 

2025-07-23 13:38:52,679 INFO     ___FILE_ONLY___ │ 
2025-07-23 13:38:52,679 INFO     ___FILE_ONLY___ Google Cloud CRC32C Hash Tool (Platform Specific)  
2025-07-23 13:38:52,679 INFO     ___FILE_ONLY___  
2025-07-23 13:38:52,679 INFO     ___FILE_ONLY___ │ 
2025-07-23 13:38:52,679 INFO     ___FILE_ONLY___      1.0.0
2025-07-23 13:38:52,679 INFO     ___FILE_ONLY___  
2025-07-23 13:38:52,679 INFO     ___FILE_ONLY___ │ 
2025-07-23 13:38:52,679 INFO     ___FILE_ONLY___  1.5 MiB
2025-07-23 13:38:52,679 INFO     ___FILE_ONLY___  
2025-07-23 13:38:52,679 INFO     ___FILE_ONLY___ │
2025-07-23 13:38:52,680 INFO     ___FILE_ONLY___ 

2025-07-23 13:38:52,680 INFO     ___FILE_ONLY___ │ 
2025-07-23 13:38:52,680 INFO     ___FILE_ONLY___ gcloud cli dependencies (Platform Specific)        
2025-07-23 13:38:52,680 INFO     ___FILE_ONLY___  
2025-07-23 13:38:52,680 INFO     ___FILE_ONLY___ │ 
2025-07-23 13:38:52,680 INFO     ___FILE_ONLY___ 2021.04.16
2025-07-23 13:38:52,680 INFO     ___FILE_ONLY___  
2025-07-23 13:38:52,680 INFO     ___FILE_ONLY___ │ 
2025-07-23 13:38:52,680 INFO     ___FILE_ONLY___  < 1 MiB
2025-07-23 13:38:52,680 INFO     ___FILE_ONLY___  
2025-07-23 13:38:52,680 INFO     ___FILE_ONLY___ │
2025-07-23 13:38:52,680 INFO     ___FILE_ONLY___ 

2025-07-23 13:38:52,680 INFO     ___FILE_ONLY___ └─────────────────────────────────────────────────────┴────────────┴──────────┘
2025-07-23 13:38:52,681 INFO     ___FILE_ONLY___ 

2025-07-23 13:38:52,681 INFO     ___FILE_ONLY___ 

2025-07-23 13:38:52,686 DEBUG    urllib3.connectionpool Starting new HTTPS connection (1): dl.google.com:443
2025-07-23 13:38:52,762 DEBUG    urllib3.connectionpool https://dl.google.com:443 "GET /dl/cloudsdk/channels/rapid/RELEASE_NOTES HTTP/11" 200 1455233
2025-07-23 13:38:53,551 INFO     ___FILE_ONLY___ For the latest full release notes, please visit:
  https://cloud.google.com/sdk/release_notes


2025-07-23 13:38:53,551 INFO     ___FILE_ONLY___ Performing in place update...


2025-07-23 13:38:53,553 INFO     ___FILE_ONLY___ ╔════════════════════════════════════════════════════════════╗

2025-07-23 13:38:53,553 INFO     ___FILE_ONLY___ ╠═ Downloading: BigQuery Command Line Tool                  ═╣

2025-07-23 13:38:53,553 INFO     ___FILE_ONLY___ ╚
2025-07-23 13:38:53,557 DEBUG    urllib3.connectionpool Starting new HTTPS connection (1): dl.google.com:443
2025-07-23 13:38:53,903 DEBUG    urllib3.connectionpool https://dl.google.com:443 "GET /dl/cloudsdk/channels/rapid/components/google-cloud-sdk-bq-20250718154810.tar.gz HTTP/11" 200 1855318
2025-07-23 13:38:54,239 INFO     ___FILE_ONLY___ ═
2025-07-23 13:38:54,239 INFO     ___FILE_ONLY___ ═
2025-07-23 13:38:54,239 INFO     ___FILE_ONLY___ ═
2025-07-23 13:38:54,239 INFO     ___FILE_ONLY___ ═
2025-07-23 13:38:54,239 INFO     ___FILE_ONLY___ ═
2025-07-23 13:38:54,239 INFO     ___FILE_ONLY___ ═
2025-07-23 13:38:54,239 INFO     ___FILE_ONLY___ ═
2025-07-23 13:38:54,239 INFO     ___FILE_ONLY___ ═
2025-07-23 13:38:54,240 INFO     ___FILE_ONLY___ ═
2025-07-23 13:38:54,240 INFO     ___FILE_ONLY___ ═
2025-07-23 13:38:54,240 INFO     ___FILE_ONLY___ ═
2025-07-23 13:38:54,240 INFO     ___FILE_ONLY___ ═
2025-07-23 13:38:54,240 INFO     ___FILE_ONLY___ ═
2025-07-23 13:38:54,240 INFO     ___FILE_ONLY___ ═
2025-07-23 13:38:54,240 INFO     ___FILE_ONLY___ ═
2025-07-23 13:38:54,240 INFO     ___FILE_ONLY___ ═
2025-07-23 13:38:54,240 INFO     ___FILE_ONLY___ ═
2025-07-23 13:38:54,240 INFO     ___FILE_ONLY___ ═
2025-07-23 13:38:54,240 INFO     ___FILE_ONLY___ ═
2025-07-23 13:38:54,241 INFO     ___FILE_ONLY___ ═
2025-07-23 13:38:54,241 INFO     ___FILE_ONLY___ ═
2025-07-23 13:38:54,241 INFO     ___FILE_ONLY___ ═
2025-07-23 13:38:54,241 INFO     ___FILE_ONLY___ ═
2025-07-23 13:38:54,241 INFO     ___FILE_ONLY___ ═
2025-07-23 13:38:54,241 INFO     ___FILE_ONLY___ ═
2025-07-23 13:38:54,241 INFO     ___FILE_ONLY___ ═
2025-07-23 13:38:54,241 INFO     ___FILE_ONLY___ ═
2025-07-23 13:38:54,241 INFO     ___FILE_ONLY___ ═
2025-07-23 13:38:54,241 INFO     ___FILE_ONLY___ ═
2025-07-23 13:38:54,241 INFO     ___FILE_ONLY___ ═
2025-07-23 13:38:54,242 INFO     ___FILE_ONLY___ ═
2025-07-23 13:38:54,242 INFO     ___FILE_ONLY___ ═
2025-07-23 13:38:54,242 INFO     ___FILE_ONLY___ ═
2025-07-23 13:38:54,242 INFO     ___FILE_ONLY___ ═
2025-07-23 13:38:54,242 INFO     ___FILE_ONLY___ ═
2025-07-23 13:38:54,242 INFO     ___FILE_ONLY___ ═
2025-07-23 13:38:54,242 INFO     ___FILE_ONLY___ ═
2025-07-23 13:38:54,242 INFO     ___FILE_ONLY___ ═
2025-07-23 13:38:54,242 INFO     ___FILE_ONLY___ ═
2025-07-23 13:38:54,242 INFO     ___FILE_ONLY___ ═
2025-07-23 13:38:54,242 INFO     ___FILE_ONLY___ ═
2025-07-23 13:38:54,243 INFO     ___FILE_ONLY___ ═
2025-07-23 13:38:54,243 INFO     ___FILE_ONLY___ ═
2025-07-23 13:38:54,243 INFO     ___FILE_ONLY___ ═
2025-07-23 13:38:54,243 INFO     ___FILE_ONLY___ ═
2025-07-23 13:38:54,243 INFO     ___FILE_ONLY___ ═
2025-07-23 13:38:54,243 INFO     ___FILE_ONLY___ ═
2025-07-23 13:38:54,243 INFO     ___FILE_ONLY___ ═
2025-07-23 13:38:54,243 INFO     ___FILE_ONLY___ ═
2025-07-23 13:38:54,243 INFO     ___FILE_ONLY___ ═
2025-07-23 13:38:54,243 INFO     ___FILE_ONLY___ ═
2025-07-23 13:38:54,243 INFO     ___FILE_ONLY___ ═
2025-07-23 13:38:54,244 INFO     ___FILE_ONLY___ ═
2025-07-23 13:38:54,244 INFO     ___FILE_ONLY___ ═
2025-07-23 13:38:54,244 INFO     ___FILE_ONLY___ ═
2025-07-23 13:38:54,244 INFO     ___FILE_ONLY___ ═
2025-07-23 13:38:54,244 INFO     ___FILE_ONLY___ ═
2025-07-23 13:38:54,244 INFO     ___FILE_ONLY___ ═
2025-07-23 13:38:54,244 INFO     ___FILE_ONLY___ ═
2025-07-23 13:38:54,244 INFO     ___FILE_ONLY___ ═
2025-07-23 13:38:54,244 INFO     ___FILE_ONLY___ ╝

2025-07-23 13:38:54,246 INFO     ___FILE_ONLY___ ╔════════════════════════════════════════════════════════════╗

2025-07-23 13:38:54,246 INFO     ___FILE_ONLY___ ╠═ Downloading: BigQuery Command Line Tool (Platform Spe... ═╣

2025-07-23 13:38:54,247 INFO     ___FILE_ONLY___ ╚
2025-07-23 13:38:54,251 DEBUG    urllib3.connectionpool Starting new HTTPS connection (1): dl.google.com:443
2025-07-23 13:38:54,316 DEBUG    urllib3.connectionpool https://dl.google.com:443 "GET /dl/cloudsdk/channels/rapid/components/google-cloud-sdk-bq-nix-20250523104322.tar.gz HTTP/11" 200 1935
2025-07-23 13:38:54,317 INFO     ___FILE_ONLY___ ════════════════════════════════════════════════════════════
2025-07-23 13:38:54,317 INFO     ___FILE_ONLY___ ╝

2025-07-23 13:38:54,319 INFO     ___FILE_ONLY___ ╔════════════════════════════════════════════════════════════╗

2025-07-23 13:38:54,319 INFO     ___FILE_ONLY___ ╠═ Downloading: Bundled Python 3.12                         ═╣

2025-07-23 13:38:54,319 INFO     ___FILE_ONLY___ ╚
2025-07-23 13:38:54,319 INFO     ___FILE_ONLY___ ════════════════════════════════════════════════════════════
2025-07-23 13:38:54,319 INFO     ___FILE_ONLY___ ╝

2025-07-23 13:38:54,321 INFO     ___FILE_ONLY___ ╔════════════════════════════════════════════════════════════╗

2025-07-23 13:38:54,321 INFO     ___FILE_ONLY___ ╠═ Downloading: Bundled Python 3.12 (Platform Specific)     ═╣

2025-07-23 13:38:54,321 INFO     ___FILE_ONLY___ ╚
2025-07-23 13:38:54,324 DEBUG    urllib3.connectionpool Starting new HTTPS connection (1): dl.google.com:443
2025-07-23 13:38:54,445 DEBUG    urllib3.connectionpool https://dl.google.com:443 "GET /dl/cloudsdk/channels/rapid/components/google-cloud-sdk-bundled-python3-unix-linux-x86_64-20250502143716.tar.gz HTTP/11" 200 93610468
2025-07-23 13:38:57,001 INFO     ___FILE_ONLY___ ═
2025-07-23 13:38:57,003 INFO     ___FILE_ONLY___ ═
2025-07-23 13:38:57,005 INFO     ___FILE_ONLY___ ═
2025-07-23 13:38:57,007 INFO     ___FILE_ONLY___ ═
2025-07-23 13:38:57,009 INFO     ___FILE_ONLY___ ═
2025-07-23 13:38:57,011 INFO     ___FILE_ONLY___ ═
2025-07-23 13:38:57,013 INFO     ___FILE_ONLY___ ═
2025-07-23 13:38:57,015 INFO     ___FILE_ONLY___ ═
2025-07-23 13:38:57,017 INFO     ___FILE_ONLY___ ═
2025-07-23 13:38:57,019 INFO     ___FILE_ONLY___ ═
2025-07-23 13:38:57,021 INFO     ___FILE_ONLY___ ═
2025-07-23 13:38:57,023 INFO     ___FILE_ONLY___ ═
2025-07-23 13:38:57,025 INFO     ___FILE_ONLY___ ═
2025-07-23 13:38:57,027 INFO     ___FILE_ONLY___ ═
2025-07-23 13:38:57,029 INFO     ___FILE_ONLY___ ═
2025-07-23 13:38:57,031 INFO     ___FILE_ONLY___ ═
2025-07-23 13:38:57,032 INFO     ___FILE_ONLY___ ═
2025-07-23 13:38:57,034 INFO     ___FILE_ONLY___ ═
2025-07-23 13:38:57,036 INFO     ___FILE_ONLY___ ═
2025-07-23 13:38:57,038 INFO     ___FILE_ONLY___ ═
2025-07-23 13:38:57,040 INFO     ___FILE_ONLY___ ═
2025-07-23 13:38:57,042 INFO     ___FILE_ONLY___ ═
2025-07-23 13:38:57,044 INFO     ___FILE_ONLY___ ═
2025-07-23 13:38:57,046 INFO     ___FILE_ONLY___ ═
2025-07-23 13:38:57,048 INFO     ___FILE_ONLY___ ═
2025-07-23 13:38:57,050 INFO     ___FILE_ONLY___ ═
2025-07-23 13:38:57,052 INFO     ___FILE_ONLY___ ═
2025-07-23 13:38:57,054 INFO     ___FILE_ONLY___ ═
2025-07-23 13:38:57,055 INFO     ___FILE_ONLY___ ═
2025-07-23 13:38:57,057 INFO     ___FILE_ONLY___ ═
2025-07-23 13:38:57,059 INFO     ___FILE_ONLY___ ═
2025-07-23 13:38:57,061 INFO     ___FILE_ONLY___ ═
2025-07-23 13:38:57,063 INFO     ___FILE_ONLY___ ═
2025-07-23 13:38:57,065 INFO     ___FILE_ONLY___ ═
2025-07-23 13:38:57,067 INFO     ___FILE_ONLY___ ═
2025-07-23 13:38:57,069 INFO     ___FILE_ONLY___ ═
2025-07-23 13:38:57,070 INFO     ___FILE_ONLY___ ═
2025-07-23 13:38:57,072 INFO     ___FILE_ONLY___ ═
2025-07-23 13:38:57,074 INFO     ___FILE_ONLY___ ═
2025-07-23 13:38:57,076 INFO     ___FILE_ONLY___ ═
2025-07-23 13:38:57,078 INFO     ___FILE_ONLY___ ═
2025-07-23 13:38:57,080 INFO     ___FILE_ONLY___ ═
2025-07-23 13:38:57,082 INFO     ___FILE_ONLY___ ═
2025-07-23 13:38:57,084 INFO     ___FILE_ONLY___ ═
2025-07-23 13:38:57,086 INFO     ___FILE_ONLY___ ═
2025-07-23 13:38:57,088 INFO     ___FILE_ONLY___ ═
2025-07-23 13:38:57,089 INFO     ___FILE_ONLY___ ═
2025-07-23 13:38:57,091 INFO     ___FILE_ONLY___ ═
2025-07-23 13:38:57,093 INFO     ___FILE_ONLY___ ═
2025-07-23 13:38:57,095 INFO     ___FILE_ONLY___ ═
2025-07-23 13:38:57,097 INFO     ___FILE_ONLY___ ═
2025-07-23 13:38:57,099 INFO     ___FILE_ONLY___ ═
2025-07-23 13:38:57,101 INFO     ___FILE_ONLY___ ═
2025-07-23 13:38:57,103 INFO     ___FILE_ONLY___ ═
2025-07-23 13:38:57,105 INFO     ___FILE_ONLY___ ═
2025-07-23 13:38:57,107 INFO     ___FILE_ONLY___ ═
2025-07-23 13:38:57,109 INFO     ___FILE_ONLY___ ═
2025-07-23 13:38:57,111 INFO     ___FILE_ONLY___ ═
2025-07-23 13:38:57,113 INFO     ___FILE_ONLY___ ═
2025-07-23 13:38:57,115 INFO     ___FILE_ONLY___ ═
2025-07-23 13:38:57,115 INFO     ___FILE_ONLY___ ╝

2025-07-23 13:38:57,117 INFO     ___FILE_ONLY___ ╔════════════════════════════════════════════════════════════╗

2025-07-23 13:38:57,117 INFO     ___FILE_ONLY___ ╠═ Downloading: Cloud Storage Command Line Tool             ═╣

2025-07-23 13:38:57,117 INFO     ___FILE_ONLY___ ╚
2025-07-23 13:38:57,121 DEBUG    urllib3.connectionpool Starting new HTTPS connection (1): dl.google.com:443
2025-07-23 13:38:57,511 DEBUG    urllib3.connectionpool https://dl.google.com:443 "GET /dl/cloudsdk/channels/rapid/components/google-cloud-sdk-gsutil-20250627154417.tar.gz HTTP/11" 200 12962791
2025-07-23 13:38:58,115 INFO     ___FILE_ONLY___ ═
2025-07-23 13:38:58,116 INFO     ___FILE_ONLY___ ═
2025-07-23 13:38:58,116 INFO     ___FILE_ONLY___ ═
2025-07-23 13:38:58,116 INFO     ___FILE_ONLY___ ═
2025-07-23 13:38:58,117 INFO     ___FILE_ONLY___ ═
2025-07-23 13:38:58,117 INFO     ___FILE_ONLY___ ═
2025-07-23 13:38:58,118 INFO     ___FILE_ONLY___ ═
2025-07-23 13:38:58,118 INFO     ___FILE_ONLY___ ═
2025-07-23 13:38:58,118 INFO     ___FILE_ONLY___ ═
2025-07-23 13:38:58,119 INFO     ___FILE_ONLY___ ═
2025-07-23 13:38:58,119 INFO     ___FILE_ONLY___ ═
2025-07-23 13:38:58,119 INFO     ___FILE_ONLY___ ═
2025-07-23 13:38:58,120 INFO     ___FILE_ONLY___ ═
2025-07-23 13:38:58,120 INFO     ___FILE_ONLY___ ═
2025-07-23 13:38:58,121 INFO     ___FILE_ONLY___ ═
2025-07-23 13:38:58,121 INFO     ___FILE_ONLY___ ═
2025-07-23 13:38:58,121 INFO     ___FILE_ONLY___ ═
2025-07-23 13:38:58,122 INFO     ___FILE_ONLY___ ═
2025-07-23 13:38:58,122 INFO     ___FILE_ONLY___ ═
2025-07-23 13:38:58,123 INFO     ___FILE_ONLY___ ═
2025-07-23 13:38:58,123 INFO     ___FILE_ONLY___ ═
2025-07-23 13:38:58,123 INFO     ___FILE_ONLY___ ═
2025-07-23 13:38:58,124 INFO     ___FILE_ONLY___ ═
2025-07-23 13:38:58,124 INFO     ___FILE_ONLY___ ═
2025-07-23 13:38:58,125 INFO     ___FILE_ONLY___ ═
2025-07-23 13:38:58,125 INFO     ___FILE_ONLY___ ═
2025-07-23 13:38:58,125 INFO     ___FILE_ONLY___ ═
2025-07-23 13:38:58,126 INFO     ___FILE_ONLY___ ═
2025-07-23 13:38:58,126 INFO     ___FILE_ONLY___ ═
2025-07-23 13:38:58,126 INFO     ___FILE_ONLY___ ═
2025-07-23 13:38:58,127 INFO     ___FILE_ONLY___ ═
2025-07-23 13:38:58,127 INFO     ___FILE_ONLY___ ═
2025-07-23 13:38:58,128 INFO     ___FILE_ONLY___ ═
2025-07-23 13:38:58,128 INFO     ___FILE_ONLY___ ═
2025-07-23 13:38:58,128 INFO     ___FILE_ONLY___ ═
2025-07-23 13:38:58,129 INFO     ___FILE_ONLY___ ═
2025-07-23 13:38:58,129 INFO     ___FILE_ONLY___ ═
2025-07-23 13:38:58,130 INFO     ___FILE_ONLY___ ═
2025-07-23 13:38:58,130 INFO     ___FILE_ONLY___ ═
2025-07-23 13:38:58,130 INFO     ___FILE_ONLY___ ═
2025-07-23 13:38:58,131 INFO     ___FILE_ONLY___ ═
2025-07-23 13:38:58,131 INFO     ___FILE_ONLY___ ═
2025-07-23 13:38:58,132 INFO     ___FILE_ONLY___ ═
2025-07-23 13:38:58,132 INFO     ___FILE_ONLY___ ═
2025-07-23 13:38:58,132 INFO     ___FILE_ONLY___ ═
2025-07-23 13:38:58,133 INFO     ___FILE_ONLY___ ═
2025-07-23 13:38:58,133 INFO     ___FILE_ONLY___ ═
2025-07-23 13:38:58,133 INFO     ___FILE_ONLY___ ═
2025-07-23 13:38:58,134 INFO     ___FILE_ONLY___ ═
2025-07-23 13:38:58,134 INFO     ___FILE_ONLY___ ═
2025-07-23 13:38:58,135 INFO     ___FILE_ONLY___ ═
2025-07-23 13:38:58,135 INFO     ___FILE_ONLY___ ═
2025-07-23 13:38:58,135 INFO     ___FILE_ONLY___ ═
2025-07-23 13:38:58,136 INFO     ___FILE_ONLY___ ═
2025-07-23 13:38:58,136 INFO     ___FILE_ONLY___ ═
2025-07-23 13:38:58,137 INFO     ___FILE_ONLY___ ═
2025-07-23 13:38:58,137 INFO     ___FILE_ONLY___ ═
2025-07-23 13:38:58,137 INFO     ___FILE_ONLY___ ═
2025-07-23 13:38:58,138 INFO     ___FILE_ONLY___ ═
2025-07-23 13:38:58,138 INFO     ___FILE_ONLY___ ═
2025-07-23 13:38:58,138 INFO     ___FILE_ONLY___ ╝

2025-07-23 13:38:58,140 INFO     ___FILE_ONLY___ ╔════════════════════════════════════════════════════════════╗

2025-07-23 13:38:58,141 INFO     ___FILE_ONLY___ ╠═ Downloading: Cloud Storage Command Line Tool (Platfor... ═╣

2025-07-23 13:38:58,141 INFO     ___FILE_ONLY___ ╚
2025-07-23 13:38:58,144 DEBUG    urllib3.connectionpool Starting new HTTPS connection (1): dl.google.com:443
2025-07-23 13:38:58,485 DEBUG    urllib3.connectionpool https://dl.google.com:443 "GET /dl/cloudsdk/channels/rapid/components/google-cloud-sdk-gsutil-nix-20250523104322.tar.gz HTTP/11" 200 1950
2025-07-23 13:38:58,486 INFO     ___FILE_ONLY___ ════════════════════════════════════════════════════════════
2025-07-23 13:38:58,486 INFO     ___FILE_ONLY___ ╝

2025-07-23 13:38:58,488 INFO     ___FILE_ONLY___ ╔════════════════════════════════════════════════════════════╗

2025-07-23 13:38:58,488 INFO     ___FILE_ONLY___ ╠═ Downloading: Default set of gcloud commands              ═╣

2025-07-23 13:38:58,488 INFO     ___FILE_ONLY___ ╚
2025-07-23 13:38:58,488 INFO     ___FILE_ONLY___ ════════════════════════════════════════════════════════════
2025-07-23 13:38:58,488 INFO     ___FILE_ONLY___ ╝

2025-07-23 13:38:58,490 INFO     ___FILE_ONLY___ ╔════════════════════════════════════════════════════════════╗

2025-07-23 13:38:58,490 INFO     ___FILE_ONLY___ ╠═ Downloading: Google Cloud CLI Core Libraries (Platfor... ═╣

2025-07-23 13:38:58,490 INFO     ___FILE_ONLY___ ╚
2025-07-23 13:38:58,493 DEBUG    urllib3.connectionpool Starting new HTTPS connection (1): dl.google.com:443
2025-07-23 13:38:58,566 DEBUG    urllib3.connectionpool https://dl.google.com:443 "GET /dl/cloudsdk/channels/rapid/components/google-cloud-sdk-core-nix-20250523104322.tar.gz HTTP/11" 200 2325
2025-07-23 13:38:58,567 INFO     ___FILE_ONLY___ ════════════════════════════════════════════════════════════
2025-07-23 13:38:58,567 INFO     ___FILE_ONLY___ ╝

2025-07-23 13:38:58,569 INFO     ___FILE_ONLY___ ╔════════════════════════════════════════════════════════════╗

2025-07-23 13:38:58,569 INFO     ___FILE_ONLY___ ╠═ Downloading: Google Cloud CRC32C Hash Tool               ═╣

2025-07-23 13:38:58,569 INFO     ___FILE_ONLY___ ╚
2025-07-23 13:38:58,569 INFO     ___FILE_ONLY___ ════════════════════════════════════════════════════════════
2025-07-23 13:38:58,569 INFO     ___FILE_ONLY___ ╝

2025-07-23 13:38:58,571 INFO     ___FILE_ONLY___ ╔════════════════════════════════════════════════════════════╗

2025-07-23 13:38:58,571 INFO     ___FILE_ONLY___ ╠═ Downloading: Google Cloud CRC32C Hash Tool (Platform ... ═╣

2025-07-23 13:38:58,571 INFO     ___FILE_ONLY___ ╚
2025-07-23 13:38:58,574 DEBUG    urllib3.connectionpool Starting new HTTPS connection (1): dl.google.com:443
2025-07-23 13:38:58,675 DEBUG    urllib3.connectionpool https://dl.google.com:443 "GET /dl/cloudsdk/channels/rapid/components/google-cloud-sdk-gcloud-crc32c-linux-x86_64-20250613150750.tar.gz HTTP/11" 200 1525557
2025-07-23 13:38:58,993 INFO     ___FILE_ONLY___ ═
2025-07-23 13:38:58,994 INFO     ___FILE_ONLY___ ═
2025-07-23 13:38:58,994 INFO     ___FILE_ONLY___ ═
2025-07-23 13:38:58,994 INFO     ___FILE_ONLY___ ═
2025-07-23 13:38:58,994 INFO     ___FILE_ONLY___ ═
2025-07-23 13:38:58,994 INFO     ___FILE_ONLY___ ═
2025-07-23 13:38:58,994 INFO     ___FILE_ONLY___ ═
2025-07-23 13:38:58,994 INFO     ___FILE_ONLY___ ═
2025-07-23 13:38:58,994 INFO     ___FILE_ONLY___ ═
2025-07-23 13:38:58,994 INFO     ___FILE_ONLY___ ═
2025-07-23 13:38:58,995 INFO     ___FILE_ONLY___ ═
2025-07-23 13:38:58,995 INFO     ___FILE_ONLY___ ═
2025-07-23 13:38:58,995 INFO     ___FILE_ONLY___ ═
2025-07-23 13:38:58,995 INFO     ___FILE_ONLY___ ═
2025-07-23 13:38:58,995 INFO     ___FILE_ONLY___ ═
2025-07-23 13:38:58,995 INFO     ___FILE_ONLY___ ═
2025-07-23 13:38:58,995 INFO     ___FILE_ONLY___ ═
2025-07-23 13:38:58,995 INFO     ___FILE_ONLY___ ═
2025-07-23 13:38:58,996 INFO     ___FILE_ONLY___ ═
2025-07-23 13:38:58,996 INFO     ___FILE_ONLY___ ═
2025-07-23 13:38:58,996 INFO     ___FILE_ONLY___ ═
2025-07-23 13:38:58,996 INFO     ___FILE_ONLY___ ═
2025-07-23 13:38:58,996 INFO     ___FILE_ONLY___ ═
2025-07-23 13:38:58,996 INFO     ___FILE_ONLY___ ═
2025-07-23 13:38:58,996 INFO     ___FILE_ONLY___ ═
2025-07-23 13:38:58,996 INFO     ___FILE_ONLY___ ═
2025-07-23 13:38:58,997 INFO     ___FILE_ONLY___ ═
2025-07-23 13:38:58,997 INFO     ___FILE_ONLY___ ═
2025-07-23 13:38:58,997 INFO     ___FILE_ONLY___ ═
2025-07-23 13:38:58,997 INFO     ___FILE_ONLY___ ═
2025-07-23 13:38:58,997 INFO     ___FILE_ONLY___ ═
2025-07-23 13:38:58,997 INFO     ___FILE_ONLY___ ═
2025-07-23 13:38:58,997 INFO     ___FILE_ONLY___ ═
2025-07-23 13:38:58,998 INFO     ___FILE_ONLY___ ═
2025-07-23 13:38:58,998 INFO     ___FILE_ONLY___ ═
2025-07-23 13:38:58,998 INFO     ___FILE_ONLY___ ═
2025-07-23 13:38:58,998 INFO     ___FILE_ONLY___ ═
2025-07-23 13:38:58,998 INFO     ___FILE_ONLY___ ═
2025-07-23 13:38:58,998 INFO     ___FILE_ONLY___ ═
2025-07-23 13:38:58,998 INFO     ___FILE_ONLY___ ═
2025-07-23 13:38:58,998 INFO     ___FILE_ONLY___ ═
2025-07-23 13:38:58,999 INFO     ___FILE_ONLY___ ═
2025-07-23 13:38:58,999 INFO     ___FILE_ONLY___ ═
2025-07-23 13:38:58,999 INFO     ___FILE_ONLY___ ═
2025-07-23 13:38:58,999 INFO     ___FILE_ONLY___ ═
2025-07-23 13:38:58,999 INFO     ___FILE_ONLY___ ═
2025-07-23 13:38:58,999 INFO     ___FILE_ONLY___ ═
2025-07-23 13:38:58,999 INFO     ___FILE_ONLY___ ═
2025-07-23 13:38:58,999 INFO     ___FILE_ONLY___ ═
2025-07-23 13:38:59,000 INFO     ___FILE_ONLY___ ═
2025-07-23 13:38:59,000 INFO     ___FILE_ONLY___ ═
2025-07-23 13:38:59,000 INFO     ___FILE_ONLY___ ═
2025-07-23 13:38:59,000 INFO     ___FILE_ONLY___ ═
2025-07-23 13:38:59,000 INFO     ___FILE_ONLY___ ═
2025-07-23 13:38:59,000 INFO     ___FILE_ONLY___ ═
2025-07-23 13:38:59,000 INFO     ___FILE_ONLY___ ═
2025-07-23 13:38:59,000 INFO     ___FILE_ONLY___ ═
2025-07-23 13:38:59,001 INFO     ___FILE_ONLY___ ═
2025-07-23 13:38:59,001 INFO     ___FILE_ONLY___ ═
2025-07-23 13:38:59,001 INFO     ___FILE_ONLY___ ═
2025-07-23 13:38:59,001 INFO     ___FILE_ONLY___ ╝

2025-07-23 13:38:59,003 INFO     ___FILE_ONLY___ ╔════════════════════════════════════════════════════════════╗

2025-07-23 13:38:59,003 INFO     ___FILE_ONLY___ ╠═ Downloading: gcloud cli dependencies (Platform Specific) ═╣

2025-07-23 13:38:59,003 INFO     ___FILE_ONLY___ ╚
2025-07-23 13:38:59,006 DEBUG    urllib3.connectionpool Starting new HTTPS connection (1): dl.google.com:443
2025-07-23 13:38:59,389 DEBUG    urllib3.connectionpool https://dl.google.com:443 "GET /dl/cloudsdk/channels/rapid/components/google-cloud-sdk-gcloud-deps-linux-x86_64-20210416153011.tar.gz HTTP/11" 200 104
2025-07-23 13:38:59,390 INFO     ___FILE_ONLY___ ════════════════════════════════════════════════════════════
2025-07-23 13:38:59,390 INFO     ___FILE_ONLY___ ╝

2025-07-23 13:38:59,392 INFO     ___FILE_ONLY___ ╔════════════════════════════════════════════════════════════╗

2025-07-23 13:38:59,392 INFO     ___FILE_ONLY___ ╠═ Installing: BigQuery Command Line Tool                   ═╣

2025-07-23 13:38:59,392 INFO     ___FILE_ONLY___ ╚
2025-07-23 13:38:59,488 INFO     ___FILE_ONLY___ ═
2025-07-23 13:38:59,491 INFO     ___FILE_ONLY___ ═
2025-07-23 13:38:59,493 INFO     ___FILE_ONLY___ ═
2025-07-23 13:38:59,496 INFO     ___FILE_ONLY___ ═
2025-07-23 13:38:59,498 INFO     ___FILE_ONLY___ ═
2025-07-23 13:38:59,501 INFO     ___FILE_ONLY___ ═
2025-07-23 13:38:59,503 INFO     ___FILE_ONLY___ ═
2025-07-23 13:38:59,505 INFO     ___FILE_ONLY___ ═
2025-07-23 13:38:59,507 INFO     ___FILE_ONLY___ ═
2025-07-23 13:38:59,510 INFO     ___FILE_ONLY___ ═
2025-07-23 13:38:59,512 INFO     ___FILE_ONLY___ ═
2025-07-23 13:38:59,514 INFO     ___FILE_ONLY___ ═
2025-07-23 13:38:59,517 INFO     ___FILE_ONLY___ ═
2025-07-23 13:38:59,519 INFO     ___FILE_ONLY___ ═
2025-07-23 13:38:59,521 INFO     ___FILE_ONLY___ ═
2025-07-23 13:38:59,524 INFO     ___FILE_ONLY___ ═
2025-07-23 13:38:59,526 INFO     ___FILE_ONLY___ ═
2025-07-23 13:38:59,528 INFO     ___FILE_ONLY___ ═
2025-07-23 13:38:59,530 INFO     ___FILE_ONLY___ ═
2025-07-23 13:38:59,534 INFO     ___FILE_ONLY___ ═
2025-07-23 13:38:59,536 INFO     ___FILE_ONLY___ ═
2025-07-23 13:38:59,538 INFO     ___FILE_ONLY___ ═
2025-07-23 13:38:59,541 INFO     ___FILE_ONLY___ ═
2025-07-23 13:38:59,543 INFO     ___FILE_ONLY___ ═
2025-07-23 13:38:59,545 INFO     ___FILE_ONLY___ ═
2025-07-23 13:38:59,547 INFO     ___FILE_ONLY___ ═
2025-07-23 13:38:59,549 INFO     ___FILE_ONLY___ ═
2025-07-23 13:38:59,551 INFO     ___FILE_ONLY___ ═
2025-07-23 13:38:59,553 INFO     ___FILE_ONLY___ ═
2025-07-23 13:38:59,557 INFO     ___FILE_ONLY___ ═
2025-07-23 13:38:59,559 INFO     ___FILE_ONLY___ ═
2025-07-23 13:38:59,561 INFO     ___FILE_ONLY___ ═
2025-07-23 13:38:59,563 INFO     ___FILE_ONLY___ ═
2025-07-23 13:38:59,567 INFO     ___FILE_ONLY___ ═
2025-07-23 13:38:59,569 INFO     ___FILE_ONLY___ ═
2025-07-23 13:38:59,577 INFO     ___FILE_ONLY___ ═
2025-07-23 13:38:59,582 INFO     ___FILE_ONLY___ ═
2025-07-23 13:38:59,587 INFO     ___FILE_ONLY___ ═
2025-07-23 13:38:59,589 INFO     ___FILE_ONLY___ ═
2025-07-23 13:38:59,591 INFO     ___FILE_ONLY___ ═
2025-07-23 13:38:59,593 INFO     ___FILE_ONLY___ ═
2025-07-23 13:38:59,595 INFO     ___FILE_ONLY___ ═
2025-07-23 13:38:59,599 INFO     ___FILE_ONLY___ ═
2025-07-23 13:38:59,602 INFO     ___FILE_ONLY___ ═
2025-07-23 13:38:59,604 INFO     ___FILE_ONLY___ ═
2025-07-23 13:38:59,607 INFO     ___FILE_ONLY___ ═
2025-07-23 13:38:59,609 INFO     ___FILE_ONLY___ ═
2025-07-23 13:38:59,611 INFO     ___FILE_ONLY___ ═
2025-07-23 13:38:59,613 INFO     ___FILE_ONLY___ ═
2025-07-23 13:38:59,616 INFO     ___FILE_ONLY___ ═
2025-07-23 13:38:59,618 INFO     ___FILE_ONLY___ ═
2025-07-23 13:38:59,620 INFO     ___FILE_ONLY___ ═
2025-07-23 13:38:59,622 INFO     ___FILE_ONLY___ ═
2025-07-23 13:38:59,625 INFO     ___FILE_ONLY___ ═
2025-07-23 13:38:59,627 INFO     ___FILE_ONLY___ ═
2025-07-23 13:38:59,629 INFO     ___FILE_ONLY___ ═
2025-07-23 13:38:59,631 INFO     ___FILE_ONLY___ ═
2025-07-23 13:38:59,633 INFO     ___FILE_ONLY___ ═
2025-07-23 13:38:59,635 INFO     ___FILE_ONLY___ ═
2025-07-23 13:38:59,637 INFO     ___FILE_ONLY___ ═
2025-07-23 13:38:59,637 INFO     ___FILE_ONLY___ ╝

2025-07-23 13:38:59,645 INFO     ___FILE_ONLY___ ╔════════════════════════════════════════════════════════════╗

2025-07-23 13:38:59,645 INFO     ___FILE_ONLY___ ╠═ Installing: BigQuery Command Line Tool (Platform Spec... ═╣

2025-07-23 13:38:59,645 INFO     ___FILE_ONLY___ ╚
2025-07-23 13:38:59,646 INFO     ___FILE_ONLY___ ════════════════════════════════════════════════════════════
2025-07-23 13:38:59,646 INFO     ___FILE_ONLY___ ╝

2025-07-23 13:38:59,652 INFO     ___FILE_ONLY___ ╔════════════════════════════════════════════════════════════╗

2025-07-23 13:38:59,652 INFO     ___FILE_ONLY___ ╠═ Installing: Bundled Python 3.12                          ═╣

2025-07-23 13:38:59,652 INFO     ___FILE_ONLY___ ╚
2025-07-23 13:38:59,654 INFO     ___FILE_ONLY___ ════════════════════════════════════════════════════════════
2025-07-23 13:38:59,654 INFO     ___FILE_ONLY___ ╝

2025-07-23 13:38:59,656 INFO     ___FILE_ONLY___ ╔════════════════════════════════════════════════════════════╗

2025-07-23 13:38:59,656 INFO     ___FILE_ONLY___ ╠═ Installing: Bundled Python 3.12 (Platform Specific)      ═╣

2025-07-23 13:38:59,656 INFO     ___FILE_ONLY___ ╚
2025-07-23 13:39:01,892 INFO     ___FILE_ONLY___ ═
2025-07-23 13:39:01,905 INFO     ___FILE_ONLY___ ═
2025-07-23 13:39:01,918 INFO     ___FILE_ONLY___ ═
2025-07-23 13:39:01,931 INFO     ___FILE_ONLY___ ═
2025-07-23 13:39:01,944 INFO     ___FILE_ONLY___ ═
2025-07-23 13:39:01,958 INFO     ___FILE_ONLY___ ═
2025-07-23 13:39:01,971 INFO     ___FILE_ONLY___ ═
2025-07-23 13:39:01,984 INFO     ___FILE_ONLY___ ═
2025-07-23 13:39:01,996 INFO     ___FILE_ONLY___ ═
2025-07-23 13:39:02,009 INFO     ___FILE_ONLY___ ═
2025-07-23 13:39:02,021 INFO     ___FILE_ONLY___ ═
2025-07-23 13:39:02,036 INFO     ___FILE_ONLY___ ═
2025-07-23 13:39:02,051 INFO     ___FILE_ONLY___ ═
2025-07-23 13:39:02,066 INFO     ___FILE_ONLY___ ═
2025-07-23 13:39:02,082 INFO     ___FILE_ONLY___ ═
2025-07-23 13:39:02,096 INFO     ___FILE_ONLY___ ═
2025-07-23 13:39:02,109 INFO     ___FILE_ONLY___ ═
2025-07-23 13:39:02,122 INFO     ___FILE_ONLY___ ═
2025-07-23 13:39:02,135 INFO     ___FILE_ONLY___ ═
2025-07-23 13:39:02,148 INFO     ___FILE_ONLY___ ═
2025-07-23 13:39:02,162 INFO     ___FILE_ONLY___ ═
2025-07-23 13:39:02,176 INFO     ___FILE_ONLY___ ═
2025-07-23 13:39:02,189 INFO     ___FILE_ONLY___ ═
2025-07-23 13:39:02,202 INFO     ___FILE_ONLY___ ═
2025-07-23 13:39:02,216 INFO     ___FILE_ONLY___ ═
2025-07-23 13:39:02,229 INFO     ___FILE_ONLY___ ═
2025-07-23 13:39:02,241 INFO     ___FILE_ONLY___ ═
2025-07-23 13:39:02,254 INFO     ___FILE_ONLY___ ═
2025-07-23 13:39:02,268 INFO     ___FILE_ONLY___ ═
2025-07-23 13:39:02,281 INFO     ___FILE_ONLY___ ═
2025-07-23 13:39:02,294 INFO     ___FILE_ONLY___ ═
2025-07-23 13:39:02,307 INFO     ___FILE_ONLY___ ═
2025-07-23 13:39:02,320 INFO     ___FILE_ONLY___ ═
2025-07-23 13:39:02,334 INFO     ___FILE_ONLY___ ═
2025-07-23 13:39:02,351 INFO     ___FILE_ONLY___ ═
2025-07-23 13:39:02,367 INFO     ___FILE_ONLY___ ═
2025-07-23 13:39:03,258 INFO     ___FILE_ONLY___ ═
2025-07-23 13:39:03,282 INFO     ___FILE_ONLY___ ═
2025-07-23 13:39:03,795 INFO     ___FILE_ONLY___ ═
2025-07-23 13:39:03,814 INFO     ___FILE_ONLY___ ═
2025-07-23 13:39:03,836 INFO     ___FILE_ONLY___ ═
2025-07-23 13:39:03,863 INFO     ___FILE_ONLY___ ═
2025-07-23 13:39:03,882 INFO     ___FILE_ONLY___ ═
2025-07-23 13:39:03,911 INFO     ___FILE_ONLY___ ═
2025-07-23 13:39:03,933 INFO     ___FILE_ONLY___ ═
2025-07-23 13:39:03,953 INFO     ___FILE_ONLY___ ═
2025-07-23 13:39:03,970 INFO     ___FILE_ONLY___ ═
2025-07-23 13:39:03,988 INFO     ___FILE_ONLY___ ═
2025-07-23 13:39:04,081 INFO     ___FILE_ONLY___ ═
2025-07-23 13:39:04,101 INFO     ___FILE_ONLY___ ═
2025-07-23 13:39:04,244 INFO     ___FILE_ONLY___ ═
2025-07-23 13:39:04,262 INFO     ___FILE_ONLY___ ═
2025-07-23 13:39:04,279 INFO     ___FILE_ONLY___ ═
2025-07-23 13:39:04,297 INFO     ___FILE_ONLY___ ═
2025-07-23 13:39:04,312 INFO     ___FILE_ONLY___ ═
2025-07-23 13:39:04,331 INFO     ___FILE_ONLY___ ═
2025-07-23 13:39:04,348 INFO     ___FILE_ONLY___ ═
2025-07-23 13:39:04,366 INFO     ___FILE_ONLY___ ═
2025-07-23 13:39:04,394 INFO     ___FILE_ONLY___ ═
2025-07-23 13:39:04,887 INFO     ___FILE_ONLY___ ═
2025-07-23 13:39:04,887 INFO     ___FILE_ONLY___ ╝

2025-07-23 13:39:04,939 INFO     ___FILE_ONLY___ ╔════════════════════════════════════════════════════════════╗

2025-07-23 13:39:04,939 INFO     ___FILE_ONLY___ ╠═ Installing: Cloud Storage Command Line Tool              ═╣

2025-07-23 13:39:04,940 INFO     ___FILE_ONLY___ ╚
2025-07-23 13:39:05,488 INFO     ___FILE_ONLY___ ═
2025-07-23 13:39:05,501 INFO     ___FILE_ONLY___ ═
2025-07-23 13:39:05,512 INFO     ___FILE_ONLY___ ═
2025-07-23 13:39:05,522 INFO     ___FILE_ONLY___ ═
2025-07-23 13:39:05,533 INFO     ___FILE_ONLY___ ═
2025-07-23 13:39:05,569 INFO     ___FILE_ONLY___ ═
2025-07-23 13:39:05,583 INFO     ___FILE_ONLY___ ═
2025-07-23 13:39:05,599 INFO     ___FILE_ONLY___ ═
2025-07-23 13:39:05,615 INFO     ___FILE_ONLY___ ═
2025-07-23 13:39:05,631 INFO     ___FILE_ONLY___ ═
2025-07-23 13:39:05,649 INFO     ___FILE_ONLY___ ═
2025-07-23 13:39:05,661 INFO     ___FILE_ONLY___ ═
2025-07-23 13:39:05,673 INFO     ___FILE_ONLY___ ═
2025-07-23 13:39:05,683 INFO     ___FILE_ONLY___ ═
2025-07-23 13:39:05,693 INFO     ___FILE_ONLY___ ═
2025-07-23 13:39:05,711 INFO     ___FILE_ONLY___ ═
2025-07-23 13:39:05,725 INFO     ___FILE_ONLY___ ═
2025-07-23 13:39:05,734 INFO     ___FILE_ONLY___ ═
2025-07-23 13:39:05,746 INFO     ___FILE_ONLY___ ═
2025-07-23 13:39:05,758 INFO     ___FILE_ONLY___ ═
2025-07-23 13:39:05,768 INFO     ___FILE_ONLY___ ═
2025-07-23 13:39:05,783 INFO     ___FILE_ONLY___ ═
2025-07-23 13:39:05,794 INFO     ___FILE_ONLY___ ═
2025-07-23 13:39:05,806 INFO     ___FILE_ONLY___ ═
2025-07-23 13:39:05,816 INFO     ___FILE_ONLY___ ═
2025-07-23 13:39:05,827 INFO     ___FILE_ONLY___ ═
2025-07-23 13:39:05,838 INFO     ___FILE_ONLY___ ═
2025-07-23 13:39:05,852 INFO     ___FILE_ONLY___ ═
2025-07-23 13:39:05,869 INFO     ___FILE_ONLY___ ═
2025-07-23 13:39:05,882 INFO     ___FILE_ONLY___ ═
2025-07-23 13:39:05,894 INFO     ___FILE_ONLY___ ═
2025-07-23 13:39:05,917 INFO     ___FILE_ONLY___ ═
2025-07-23 13:39:05,933 INFO     ___FILE_ONLY___ ═
2025-07-23 13:39:05,952 INFO     ___FILE_ONLY___ ═
2025-07-23 13:39:05,968 INFO     ___FILE_ONLY___ ═
2025-07-23 13:39:05,985 INFO     ___FILE_ONLY___ ═
2025-07-23 13:39:05,995 INFO     ___FILE_ONLY___ ═
2025-07-23 13:39:06,006 INFO     ___FILE_ONLY___ ═
2025-07-23 13:39:06,042 INFO     ___FILE_ONLY___ ═
2025-07-23 13:39:06,057 INFO     ___FILE_ONLY___ ═
2025-07-23 13:39:06,069 INFO     ___FILE_ONLY___ ═
2025-07-23 13:39:06,080 INFO     ___FILE_ONLY___ ═
2025-07-23 13:39:06,091 INFO     ___FILE_ONLY___ ═
2025-07-23 13:39:06,102 INFO     ___FILE_ONLY___ ═
2025-07-23 13:39:06,114 INFO     ___FILE_ONLY___ ═
2025-07-23 13:39:06,124 INFO     ___FILE_ONLY___ ═
2025-07-23 13:39:06,135 INFO     ___FILE_ONLY___ ═
2025-07-23 13:39:06,144 INFO     ___FILE_ONLY___ ═
2025-07-23 13:39:06,155 INFO     ___FILE_ONLY___ ═
2025-07-23 13:39:06,169 INFO     ___FILE_ONLY___ ═
2025-07-23 13:39:06,185 INFO     ___FILE_ONLY___ ═
2025-07-23 13:39:06,198 INFO     ___FILE_ONLY___ ═
2025-07-23 13:39:06,213 INFO     ___FILE_ONLY___ ═
2025-07-23 13:39:06,227 INFO     ___FILE_ONLY___ ═
2025-07-23 13:39:06,240 INFO     ___FILE_ONLY___ ═
2025-07-23 13:39:06,255 INFO     ___FILE_ONLY___ ═
2025-07-23 13:39:06,273 INFO     ___FILE_ONLY___ ═
2025-07-23 13:39:06,294 INFO     ___FILE_ONLY___ ═
2025-07-23 13:39:06,312 INFO     ___FILE_ONLY___ ═
2025-07-23 13:39:06,331 INFO     ___FILE_ONLY___ ═
2025-07-23 13:39:06,332 INFO     ___FILE_ONLY___ ╝

2025-07-23 13:39:06,363 INFO     ___FILE_ONLY___ ╔════════════════════════════════════════════════════════════╗

2025-07-23 13:39:06,363 INFO     ___FILE_ONLY___ ╠═ Installing: Cloud Storage Command Line Tool (Platform... ═╣

2025-07-23 13:39:06,363 INFO     ___FILE_ONLY___ ╚
2025-07-23 13:39:06,364 INFO     ___FILE_ONLY___ ════════════════════════════════════════════════════════════
2025-07-23 13:39:06,364 INFO     ___FILE_ONLY___ ╝

2025-07-23 13:39:06,369 INFO     ___FILE_ONLY___ ╔════════════════════════════════════════════════════════════╗

2025-07-23 13:39:06,369 INFO     ___FILE_ONLY___ ╠═ Installing: Default set of gcloud commands               ═╣

2025-07-23 13:39:06,369 INFO     ___FILE_ONLY___ ╚
2025-07-23 13:39:06,372 INFO     ___FILE_ONLY___ ════════════════════════════════════════════════════════════
2025-07-23 13:39:06,372 INFO     ___FILE_ONLY___ ╝

2025-07-23 13:39:06,374 INFO     ___FILE_ONLY___ ╔════════════════════════════════════════════════════════════╗

2025-07-23 13:39:06,374 INFO     ___FILE_ONLY___ ╠═ Installing: Google Cloud CLI Core Libraries (Platform... ═╣

2025-07-23 13:39:06,374 INFO     ___FILE_ONLY___ ╚
2025-07-23 13:39:06,375 INFO     ___FILE_ONLY___ ══════════════════════════════
2025-07-23 13:39:06,375 INFO     ___FILE_ONLY___ ══════════════════════════════
2025-07-23 13:39:06,375 INFO     ___FILE_ONLY___ ╝

2025-07-23 13:39:06,380 INFO     ___FILE_ONLY___ ╔════════════════════════════════════════════════════════════╗

2025-07-23 13:39:06,380 INFO     ___FILE_ONLY___ ╠═ Installing: Google Cloud CRC32C Hash Tool                ═╣

2025-07-23 13:39:06,380 INFO     ___FILE_ONLY___ ╚
2025-07-23 13:39:06,382 INFO     ___FILE_ONLY___ ════════════════════════════════════════════════════════════
2025-07-23 13:39:06,382 INFO     ___FILE_ONLY___ ╝

2025-07-23 13:39:06,384 INFO     ___FILE_ONLY___ ╔════════════════════════════════════════════════════════════╗

2025-07-23 13:39:06,384 INFO     ___FILE_ONLY___ ╠═ Installing: Google Cloud CRC32C Hash Tool (Platform S... ═╣

2025-07-23 13:39:06,384 INFO     ___FILE_ONLY___ ╚
2025-07-23 13:39:06,424 INFO     ___FILE_ONLY___ ══════════════════════════════
2025-07-23 13:39:06,424 INFO     ___FILE_ONLY___ ══════════════════════════════
2025-07-23 13:39:06,425 INFO     ___FILE_ONLY___ ╝

2025-07-23 13:39:06,430 INFO     ___FILE_ONLY___ ╔════════════════════════════════════════════════════════════╗

2025-07-23 13:39:06,430 INFO     ___FILE_ONLY___ ╠═ Installing: gcloud cli dependencies (Platform Specific)  ═╣

2025-07-23 13:39:06,430 INFO     ___FILE_ONLY___ ╚
2025-07-23 13:39:06,430 INFO     ___FILE_ONLY___ ════════════════════════════════════════════════════════════
2025-07-23 13:39:06,430 INFO     ___FILE_ONLY___ ╝

2025-07-23 13:39:06,435 DEBUG    root            Updating notification cache...
2025-07-23 13:39:06,436 INFO     ___FILE_ONLY___ 

2025-07-23 13:39:06,438 INFO     ___FILE_ONLY___ Performing post processing steps...
2025-07-23 13:39:06,438 DEBUG    root            Executing command: ['/tools/google-cloud-sdk/bin/gcloud', 'components', 'post-process']
2025-07-23 13:39:14,899 DEBUG    ___FILE_ONLY___ 
2025-07-23 13:39:14,900 DEBUG    ___FILE_ONLY___ 
2025-07-23 13:39:15,004 INFO     root            descriptor_list: [{'universeDomain': 'googleapis.com', 'universeShortName': '', 'authenticationDomain': 'auth.cloud.google.com', 'projectPrefix': '', 'cloudWebDomain': 'cloud.google.com', 'documentationDomain': 'cloud.google.com', 'version': '1.0.0', 'state': 'primary', 'artifactRegistryDomain': 'pkg.dev'}]
2025-07-23 13:39:15,005 INFO     ___FILE_ONLY___ 
Update done!


2025-07-23 13:39:15,007 DEBUG    root            Chosen display Format:none
2025-07-23 13:39:15,008 INFO     root            Display format: "none"
