2025-07-23 13:39:15,658 DEBUG    root            Loaded Command Group: ['gcloud', 'components']
2025-07-23 13:39:15,660 DEBUG    root            Loaded Command Group: ['gcloud', 'components', 'update']
2025-07-23 13:39:15,662 DEBUG    root            Running [gcloud.components.update] with arguments: [--quiet: "True", COMPONENT-IDS:8: "['gcloud', 'core', 'bq', 'gsutil', 'compute', 'preview', 'alpha', 'beta']"]
2025-07-23 13:39:15,663 INFO     ___FILE_ONLY___ Beginning update. This process may take several minutes.

2025-07-23 13:39:15,671 DEBUG    urllib3.connectionpool Starting new HTTPS connection (1): dl.google.com:443
2025-07-23 13:39:15,743 DEBUG    urllib3.connectionpool https://dl.google.com:443 "GET /dl/cloudsdk/channels/rapid/components-2.json HTTP/11" 200 239806
2025-07-23 13:39:15,757 WARNING  root            Component [compute] no longer exists.
2025-07-23 13:39:15,758 INFO     ___FILE_ONLY___ 

2025-07-23 13:39:15,758 INFO     ___FILE_ONLY___ 
Your current Google Cloud CLI version is: 531.0.0

2025-07-23 13:39:15,758 INFO     ___FILE_ONLY___ Installing components from version: 531.0.0

2025-07-23 13:39:15,758 INFO     ___FILE_ONLY___ 

2025-07-23 13:39:15,758 DEBUG    root            Chosen display Format:table[box,title="These components will be removed."](details.display_name:label=Name:align=left,version.version_string:label=Version:align=right,data.size.size(zero="",min=1048576):label=Size:align=right)
2025-07-23 13:39:15,759 DEBUG    root            Chosen display Format:table[box,title="These components will be updated."](details.display_name:label=Name:align=left,version.version_string:label=Version:align=right,data.size.size(zero="",min=1048576):label=Size:align=right)
2025-07-23 13:39:15,759 DEBUG    root            Chosen display Format:table[box,title="These components will be installed."](details.display_name:label=Name:align=left,version.version_string:label=Version:align=right,data.size.size(zero="",min=1048576):label=Size:align=right)
2025-07-23 13:39:15,774 INFO     ___FILE_ONLY___ ┌────────────────────────────────────────────────┐
2025-07-23 13:39:15,774 INFO     ___FILE_ONLY___ 

2025-07-23 13:39:15,774 INFO     ___FILE_ONLY___ │      These components will be installed.       │
2025-07-23 13:39:15,774 INFO     ___FILE_ONLY___ 

2025-07-23 13:39:15,774 INFO     ___FILE_ONLY___ ├─────────────────────────┬────────────┬─────────┤
2025-07-23 13:39:15,774 INFO     ___FILE_ONLY___ 

2025-07-23 13:39:15,775 INFO     ___FILE_ONLY___ │           Name          │  Version   │   Size  │
2025-07-23 13:39:15,775 INFO     ___FILE_ONLY___ 

2025-07-23 13:39:15,775 INFO     ___FILE_ONLY___ ├─────────────────────────┼────────────┼─────────┤
2025-07-23 13:39:15,775 INFO     ___FILE_ONLY___ 

2025-07-23 13:39:15,775 INFO     ___FILE_ONLY___ │ 
2025-07-23 13:39:15,775 INFO     ___FILE_ONLY___ gcloud Alpha Commands  
2025-07-23 13:39:15,775 INFO     ___FILE_ONLY___  
2025-07-23 13:39:15,775 INFO     ___FILE_ONLY___ │ 
2025-07-23 13:39:15,775 INFO     ___FILE_ONLY___ 2025.07.18
2025-07-23 13:39:15,775 INFO     ___FILE_ONLY___  
2025-07-23 13:39:15,776 INFO     ___FILE_ONLY___ │ 
2025-07-23 13:39:15,776 INFO     ___FILE_ONLY___ < 1 MiB
2025-07-23 13:39:15,776 INFO     ___FILE_ONLY___  
2025-07-23 13:39:15,776 INFO     ___FILE_ONLY___ │
2025-07-23 13:39:15,776 INFO     ___FILE_ONLY___ 

2025-07-23 13:39:15,776 INFO     ___FILE_ONLY___ │ 
2025-07-23 13:39:15,776 INFO     ___FILE_ONLY___ gcloud Beta Commands   
2025-07-23 13:39:15,776 INFO     ___FILE_ONLY___  
2025-07-23 13:39:15,776 INFO     ___FILE_ONLY___ │ 
2025-07-23 13:39:15,776 INFO     ___FILE_ONLY___ 2025.07.18
2025-07-23 13:39:15,776 INFO     ___FILE_ONLY___  
2025-07-23 13:39:15,776 INFO     ___FILE_ONLY___ │ 
2025-07-23 13:39:15,777 INFO     ___FILE_ONLY___ < 1 MiB
2025-07-23 13:39:15,777 INFO     ___FILE_ONLY___  
2025-07-23 13:39:15,777 INFO     ___FILE_ONLY___ │
2025-07-23 13:39:15,777 INFO     ___FILE_ONLY___ 

2025-07-23 13:39:15,777 INFO     ___FILE_ONLY___ │ 
2025-07-23 13:39:15,777 INFO     ___FILE_ONLY___ gcloud Preview Commands
2025-07-23 13:39:15,777 INFO     ___FILE_ONLY___  
2025-07-23 13:39:15,777 INFO     ___FILE_ONLY___ │ 
2025-07-23 13:39:15,777 INFO     ___FILE_ONLY___           
2025-07-23 13:39:15,777 INFO     ___FILE_ONLY___  
2025-07-23 13:39:15,777 INFO     ___FILE_ONLY___ │ 
2025-07-23 13:39:15,777 INFO     ___FILE_ONLY___ < 1 MiB
2025-07-23 13:39:15,777 INFO     ___FILE_ONLY___  
2025-07-23 13:39:15,778 INFO     ___FILE_ONLY___ │
2025-07-23 13:39:15,778 INFO     ___FILE_ONLY___ 

2025-07-23 13:39:15,778 INFO     ___FILE_ONLY___ └─────────────────────────┴────────────┴─────────┘
2025-07-23 13:39:15,778 INFO     ___FILE_ONLY___ 

2025-07-23 13:39:15,778 INFO     ___FILE_ONLY___ 

2025-07-23 13:39:15,781 DEBUG    urllib3.connectionpool Starting new HTTPS connection (1): dl.google.com:443
2025-07-23 13:39:15,852 DEBUG    urllib3.connectionpool https://dl.google.com:443 "GET /dl/cloudsdk/channels/rapid/RELEASE_NOTES HTTP/11" 200 1455233
2025-07-23 13:39:16,619 INFO     ___FILE_ONLY___ For the latest full release notes, please visit:
  https://cloud.google.com/sdk/release_notes


2025-07-23 13:39:16,619 INFO     ___FILE_ONLY___ Performing in place update...


2025-07-23 13:39:16,621 INFO     ___FILE_ONLY___ ╔════════════════════════════════════════════════════════════╗

2025-07-23 13:39:16,621 INFO     ___FILE_ONLY___ ╠═ Downloading: gcloud Alpha Commands                       ═╣

2025-07-23 13:39:16,621 INFO     ___FILE_ONLY___ ╚
2025-07-23 13:39:16,625 DEBUG    urllib3.connectionpool Starting new HTTPS connection (1): dl.google.com:443
2025-07-23 13:39:17,002 DEBUG    urllib3.connectionpool https://dl.google.com:443 "GET /dl/cloudsdk/channels/rapid/components/google-cloud-sdk-alpha-20250718154810.tar.gz HTTP/11" 200 800
2025-07-23 13:39:17,002 INFO     ___FILE_ONLY___ ════════════════════════════════════════════════════════════
2025-07-23 13:39:17,002 INFO     ___FILE_ONLY___ ╝

2025-07-23 13:39:17,005 INFO     ___FILE_ONLY___ ╔════════════════════════════════════════════════════════════╗

2025-07-23 13:39:17,005 INFO     ___FILE_ONLY___ ╠═ Downloading: gcloud Beta Commands                        ═╣

2025-07-23 13:39:17,005 INFO     ___FILE_ONLY___ ╚
2025-07-23 13:39:17,008 DEBUG    urllib3.connectionpool Starting new HTTPS connection (1): dl.google.com:443
2025-07-23 13:39:17,349 DEBUG    urllib3.connectionpool https://dl.google.com:443 "GET /dl/cloudsdk/channels/rapid/components/google-cloud-sdk-beta-20250718154810.tar.gz HTTP/11" 200 797
2025-07-23 13:39:17,350 INFO     ___FILE_ONLY___ ════════════════════════════════════════════════════════════
2025-07-23 13:39:17,350 INFO     ___FILE_ONLY___ ╝

2025-07-23 13:39:17,352 INFO     ___FILE_ONLY___ ╔════════════════════════════════════════════════════════════╗

2025-07-23 13:39:17,352 INFO     ___FILE_ONLY___ ╠═ Downloading: gcloud Preview Commands                     ═╣

2025-07-23 13:39:17,352 INFO     ___FILE_ONLY___ ╚
2025-07-23 13:39:17,355 DEBUG    urllib3.connectionpool Starting new HTTPS connection (1): dl.google.com:443
2025-07-23 13:39:17,751 DEBUG    urllib3.connectionpool https://dl.google.com:443 "GET /dl/cloudsdk/channels/rapid/components/google-cloud-sdk-preview-20241115154308.tar.gz HTTP/11" 200 823
2025-07-23 13:39:17,752 INFO     ___FILE_ONLY___ ════════════════════════════════════════════════════════════
2025-07-23 13:39:17,752 INFO     ___FILE_ONLY___ ╝

2025-07-23 13:39:17,754 INFO     ___FILE_ONLY___ ╔════════════════════════════════════════════════════════════╗

2025-07-23 13:39:17,754 INFO     ___FILE_ONLY___ ╠═ Installing: gcloud Alpha Commands                        ═╣

2025-07-23 13:39:17,754 INFO     ___FILE_ONLY___ ╚
2025-07-23 13:39:17,755 INFO     ___FILE_ONLY___ ════════════════════════════════════════════════════════════
2025-07-23 13:39:17,755 INFO     ___FILE_ONLY___ ╝

2025-07-23 13:39:17,762 INFO     ___FILE_ONLY___ ╔════════════════════════════════════════════════════════════╗

2025-07-23 13:39:17,762 INFO     ___FILE_ONLY___ ╠═ Installing: gcloud Beta Commands                         ═╣

2025-07-23 13:39:17,762 INFO     ___FILE_ONLY___ ╚
2025-07-23 13:39:17,762 INFO     ___FILE_ONLY___ ════════════════════════════════════════════════════════════
2025-07-23 13:39:17,763 INFO     ___FILE_ONLY___ ╝

2025-07-23 13:39:17,767 INFO     ___FILE_ONLY___ ╔════════════════════════════════════════════════════════════╗

2025-07-23 13:39:17,767 INFO     ___FILE_ONLY___ ╠═ Installing: gcloud Preview Commands                      ═╣

2025-07-23 13:39:17,767 INFO     ___FILE_ONLY___ ╚
2025-07-23 13:39:17,768 INFO     ___FILE_ONLY___ ════════════════════════════════════════════════════════════
2025-07-23 13:39:17,768 INFO     ___FILE_ONLY___ ╝

2025-07-23 13:39:17,773 DEBUG    root            Updating notification cache...
2025-07-23 13:39:17,774 INFO     ___FILE_ONLY___ 

2025-07-23 13:39:17,776 INFO     ___FILE_ONLY___ Performing post processing steps...
2025-07-23 13:39:17,776 DEBUG    root            Executing command: ['/tools/google-cloud-sdk/bin/gcloud', 'components', 'post-process']
2025-07-23 13:39:26,464 DEBUG    ___FILE_ONLY___ 
2025-07-23 13:39:26,464 DEBUG    ___FILE_ONLY___ 
2025-07-23 13:39:26,553 INFO     root            descriptor_list: [{'universeDomain': 'googleapis.com', 'universeShortName': '', 'authenticationDomain': 'auth.cloud.google.com', 'projectPrefix': '', 'cloudWebDomain': 'cloud.google.com', 'documentationDomain': 'cloud.google.com', 'version': '1.0.0', 'state': 'primary', 'artifactRegistryDomain': 'pkg.dev'}]
2025-07-23 13:39:26,554 INFO     ___FILE_ONLY___ 
Update done!


2025-07-23 13:39:26,556 DEBUG    root            Chosen display Format:none
2025-07-23 13:39:26,557 INFO     root            Display format: "none"
